<?xml version="1.0" encoding="UTF-8"?>
<testsuite xmlns:xsi="http://www.w3.org/2001/XMLSchema-instance" xsi:noNamespaceSchemaLocation="https://maven.apache.org/surefire/maven-surefire-plugin/xsd/surefire-test-report-3.0.xsd" version="3.0" name="com.example.cloudvendor.controller.CloudVendorControllerTest" time="7.916" tests="13" errors="0" skipped="0" failures="0">
  <properties>
[...]
</properties>
  <testcase name="shouldReturnNotFoundWhenGettingNonExistentVendor" classname="com.example.cloudvendor.controller.CloudVendorControllerTest" time="0.402">
    <system-out><![CDATA[16:52:41.206 [main] INFO org.springframework.test.context.support.AnnotationConfigContextLoaderUtils -- Could not detect default configuration classes for test class [com.example.cloudvendor.controller.CloudVendorControllerTest]: CloudVendorControllerTest does not declare any static, non-private, non-final, nested classes annotated with @Configuration.
16:52:41.564 [main] INFO org.springframework.boot.test.context.SpringBootTestContextBootstrapper -- Found @SpringBootConfiguration com.example.cloudvendor.CloudVendorApiApplication for test class com.example.cloudvendor.controller.CloudVendorControllerTest

  .   ____          _            __ _ _
 /\\ / ___'_ __ _ _(_)_ __  __ _ \ \ \ \
( ( )\___ | '_ | '_| | '_ \/ _` | \ \ \ \
 \\/  ___)| |_)| | | | | || (_| |  ) ) ) )
  '  |____| .__|_| |_|_| |_\__, | / / / /
 =========|_|==============|___/=/_/_/_/
 :: Spring Boot ::                (v3.2.0)

2025-09-07T16:52:42.404-07:00  INFO 15004 --- [cloud-vendor-api] [           main] c.e.c.c.CloudVendorControllerTest        : Starting CloudVendorControllerTest using Java 21.0.7 with PID 15004 (started by radha in C:\Users\radha\Downloads\Cursor\cloud-vendor-api)
2025-09-07T16:52:42.406-07:00 DEBUG 15004 --- [cloud-vendor-api] [           main] c.e.c.c.CloudVendorControllerTest        : Running with Spring Boot v3.2.0, Spring v6.1.1
2025-09-07T16:52:42.407-07:00  INFO 15004 --- [cloud-vendor-api] [           main] c.e.c.c.CloudVendorControllerTest        : No active profile set, falling back to 1 default profile: "default"
2025-09-07T16:52:42.448-07:00 DEBUG 15004 --- [cloud-vendor-api] [           main] o.s.w.c.s.GenericWebApplicationContext   : Refreshing org.springframework.web.context.support.GenericWebApplicationContext@1d207fad
2025-09-07T16:52:46.407-07:00 DEBUG 15004 --- [cloud-vendor-api] [           main] s.w.s.m.m.a.RequestMappingHandlerMapping : 8 mappings in 'requestMappingHandlerMapping'
2025-09-07T16:52:46.808-07:00 DEBUG 15004 --- [cloud-vendor-api] [           main] o.s.w.s.handler.SimpleUrlHandlerMapping  : Patterns [/webjars/**, /**] in 'resourceHandlerMapping'
2025-09-07T16:52:47.056-07:00 DEBUG 15004 --- [cloud-vendor-api] [           main] s.w.s.m.m.a.RequestMappingHandlerAdapter : ControllerAdvice beans: 0 @ModelAttribute, 0 @InitBinder, 1 RequestBodyAdvice, 1 ResponseBodyAdvice
2025-09-07T16:52:47.169-07:00 DEBUG 15004 --- [cloud-vendor-api] [           main] .m.m.a.ExceptionHandlerExceptionResolver : ControllerAdvice beans: 0 @ExceptionHandler, 1 ResponseBodyAdvice
2025-09-07T16:52:47.301-07:00  INFO 15004 --- [cloud-vendor-api] [           main] o.s.b.t.m.w.SpringBootMockServletContext : Initializing Spring TestDispatcherServlet ''
2025-09-07T16:52:47.301-07:00  INFO 15004 --- [cloud-vendor-api] [           main] o.s.t.web.servlet.TestDispatcherServlet  : Initializing Servlet ''
2025-09-07T16:52:47.321-07:00  INFO 15004 --- [cloud-vendor-api] [           main] o.s.t.web.servlet.TestDispatcherServlet  : Completed initialization in 3 ms
2025-09-07T16:52:47.392-07:00  INFO 15004 --- [cloud-vendor-api] [           main] c.e.c.c.CloudVendorControllerTest        : Started CloudVendorControllerTest in 5.698 seconds (process running for 7.712)
2025-09-07T16:52:47.668-07:00 DEBUG 15004 --- [cloud-vendor-api] [           main] s.w.s.m.m.a.RequestMappingHandlerMapping : Mapped to com.example.cloudvendor.controller.CloudVendorController#getVendorById(String)
2025-09-07T16:52:47.751-07:00 DEBUG 15004 --- [cloud-vendor-api] [           main] o.s.w.s.m.m.a.HttpEntityMethodProcessor  : Using 'text/plain', given [*/*] and supported [text/plain, */*, application/json, application/*+json]
2025-09-07T16:52:47.752-07:00 DEBUG 15004 --- [cloud-vendor-api] [           main] o.s.w.s.m.m.a.HttpEntityMethodProcessor  : Writing ["Cloud Vendor with ID V999 not found"]

MockHttpServletRequest:
      HTTP Method = GET
      Request URI = /cloudvendor/V999
       Parameters = {}
          Headers = []
             Body = null
    Session Attrs = {}

Handler:
             Type = com.example.cloudvendor.controller.CloudVendorController
           Method = com.example.cloudvendor.controller.CloudVendorController#getVendorById(String)

Async:
    Async started = false
     Async result = null

Resolved Exception:
             Type = null

ModelAndView:
        View name = null
             View = null
            Model = null

FlashMap:
       Attributes = null

MockHttpServletResponse:
           Status = 404
    Error message = null
          Headers = [Vary:"Origin", "Access-Control-Request-Method", "Access-Control-Request-Headers", Content-Type:"text/plain;charset=UTF-8", Content-Length:"35"]
     Content type = text/plain;charset=UTF-8
             Body = Cloud Vendor with ID V999 not found
    Forwarded URL = null
   Redirected URL = null
          Cookies = []
]]></system-out>
    <system-err><![CDATA[WARNING: A Java agent has been loaded dynamically (C:\Users\radha\.m2\repository\net\bytebuddy\byte-buddy-agent\1.14.10\byte-buddy-agent-1.14.10.jar)
WARNING: If a serviceability tool is in use, please run with -XX:+EnableDynamicAgentLoading to hide this warning
WARNING: If a serviceability tool is not in use, please run with -Djdk.instrument.traceUsage for more information
WARNING: Dynamic loading of agents will be disallowed by default in a future release
]]></system-err>
  </testcase>
  <testcase name="shouldGetCloudVendorByIdSuccessfully" classname="com.example.cloudvendor.controller.CloudVendorControllerTest" time="0.218">
    <system-out><![CDATA[2025-09-07T16:52:47.870-07:00 DEBUG 15004 --- [cloud-vendor-api] [           main] s.w.s.m.m.a.RequestMappingHandlerMapping : Mapped to com.example.cloudvendor.controller.CloudVendorController#getVendorById(String)
2025-09-07T16:52:47.946-07:00 DEBUG 15004 --- [cloud-vendor-api] [           main] o.s.w.s.m.m.a.HttpEntityMethodProcessor  : Using 'application/json', given [*/*] and supported [application/json, application/*+json]
2025-09-07T16:52:47.951-07:00 DEBUG 15004 --- [cloud-vendor-api] [           main] o.s.w.s.m.m.a.HttpEntityMethodProcessor  : Writing [CloudVendor(vendorId=V001, vendorName=Amazon Web Services, vendorAddress=Seattle, WA, USA, vendorPho (truncated)...]

MockHttpServletRequest:
      HTTP Method = GET
      Request URI = /cloudvendor/V001
       Parameters = {}
          Headers = []
             Body = null
    Session Attrs = {}

Handler:
             Type = com.example.cloudvendor.controller.CloudVendorController
           Method = com.example.cloudvendor.controller.CloudVendorController#getVendorById(String)

Async:
    Async started = false
     Async result = null

Resolved Exception:
             Type = null

ModelAndView:
        View name = null
             View = null
            Model = null

FlashMap:
       Attributes = null

MockHttpServletResponse:
           Status = 200
    Error message = null
          Headers = [Vary:"Origin", "Access-Control-Request-Method", "Access-Control-Request-Headers", Content-Type:"application/json"]
     Content type = application/json
             Body = {"vendorId":"V001","vendorName":"Amazon Web Services","vendorAddress":"Seattle, WA, USA","vendorPhoneNumber":"+1-206-266-1000"}
    Forwarded URL = null
   Redirected URL = null
          Cookies = []
]]></system-out>
  </testcase>
  <testcase name="shouldReturnNotFoundWhenDeletingNonExistentVendor" classname="com.example.cloudvendor.controller.CloudVendorControllerTest" time="0.012">
    <system-out><![CDATA[2025-09-07T16:52:48.068-07:00 DEBUG 15004 --- [cloud-vendor-api] [           main] s.w.s.m.m.a.RequestMappingHandlerMapping : Mapped to com.example.cloudvendor.controller.CloudVendorController#deleteVendor(String)
2025-09-07T16:52:48.069-07:00 DEBUG 15004 --- [cloud-vendor-api] [           main] o.s.w.s.m.m.a.HttpEntityMethodProcessor  : Using 'text/plain', given [*/*] and supported [text/plain, */*, application/json, application/*+json]
2025-09-07T16:52:48.070-07:00 DEBUG 15004 --- [cloud-vendor-api] [           main] o.s.w.s.m.m.a.HttpEntityMethodProcessor  : Writing ["Cloud Vendor with ID V999 not found"]

MockHttpServletRequest:
      HTTP Method = DELETE
      Request URI = /cloudvendor/V999
       Parameters = {}
          Headers = []
             Body = null
    Session Attrs = {}

Handler:
             Type = com.example.cloudvendor.controller.CloudVendorController
           Method = com.example.cloudvendor.controller.CloudVendorController#deleteVendor(String)

Async:
    Async started = false
     Async result = null

Resolved Exception:
             Type = null

ModelAndView:
        View name = null
             View = null
            Model = null

FlashMap:
       Attributes = null

MockHttpServletResponse:
           Status = 404
    Error message = null
          Headers = [Vary:"Origin", "Access-Control-Request-Method", "Access-Control-Request-Headers", Content-Type:"text/plain;charset=UTF-8", Content-Length:"35"]
     Content type = text/plain;charset=UTF-8
             Body = Cloud Vendor with ID V999 not found
    Forwarded URL = null
   Redirected URL = null
          Cookies = []
]]></system-out>
  </testcase>
  <testcase name="shouldDeleteCloudVendorSuccessfully" classname="com.example.cloudvendor.controller.CloudVendorControllerTest" time="0.017">
    <system-out><![CDATA[2025-09-07T16:52:48.088-07:00 DEBUG 15004 --- [cloud-vendor-api] [           main] s.w.s.m.m.a.RequestMappingHandlerMapping : Mapped to com.example.cloudvendor.controller.CloudVendorController#deleteVendor(String)
2025-09-07T16:52:48.090-07:00 DEBUG 15004 --- [cloud-vendor-api] [           main] o.s.w.s.m.m.a.HttpEntityMethodProcessor  : Using 'text/plain', given [*/*] and supported [text/plain, */*, application/json, application/*+json]
2025-09-07T16:52:48.090-07:00 DEBUG 15004 --- [cloud-vendor-api] [           main] o.s.w.s.m.m.a.HttpEntityMethodProcessor  : Writing ["Cloud Vendor with ID V001 deleted successfully"]

MockHttpServletRequest:
      HTTP Method = DELETE
      Request URI = /cloudvendor/V001
       Parameters = {}
          Headers = []
             Body = null
    Session Attrs = {}

Handler:
             Type = com.example.cloudvendor.controller.CloudVendorController
           Method = com.example.cloudvendor.controller.CloudVendorController#deleteVendor(String)

Async:
    Async started = false
     Async result = null

Resolved Exception:
             Type = null

ModelAndView:
        View name = null
             View = null
            Model = null

FlashMap:
       Attributes = null

MockHttpServletResponse:
           Status = 200
    Error message = null
          Headers = [Vary:"Origin", "Access-Control-Request-Method", "Access-Control-Request-Headers", Content-Type:"text/plain;charset=UTF-8", Content-Length:"46"]
     Content type = text/plain;charset=UTF-8
             Body = Cloud Vendor with ID V001 deleted successfully
    Forwarded URL = null
   Redirected URL = null
          Cookies = []
]]></system-out>
  </testcase>
  <testcase name="shouldReturnNotFoundWhenUpdatingNonExistentVendor" classname="com.example.cloudvendor.controller.CloudVendorControllerTest" time="0.288">
    <system-out><![CDATA[2025-09-07T16:52:48.120-07:00 DEBUG 15004 --- [cloud-vendor-api] [           main] s.w.s.m.m.a.RequestMappingHandlerMapping : Mapped to com.example.cloudvendor.controller.CloudVendorController#updateVendor(CloudVendor)
2025-09-07T16:52:48.180-07:00 DEBUG 15004 --- [cloud-vendor-api] [           main] m.m.a.RequestResponseBodyMethodProcessor : Read "application/json;charset=UTF-8" to [CloudVendor(vendorId=V001, vendorName=Amazon Web Services, vendorAddress=Seattle, WA, USA, vendorPho (truncated)...]
2025-09-07T16:52:48.387-07:00 DEBUG 15004 --- [cloud-vendor-api] [           main] o.s.w.s.m.m.a.HttpEntityMethodProcessor  : Using 'text/plain', given [*/*] and supported [text/plain, */*, application/json, application/*+json]
2025-09-07T16:52:48.388-07:00 DEBUG 15004 --- [cloud-vendor-api] [           main] o.s.w.s.m.m.a.HttpEntityMethodProcessor  : Writing ["Cloud Vendor with ID V001 not found"]

MockHttpServletRequest:
      HTTP Method = PUT
      Request URI = /cloudvendor
       Parameters = {}
          Headers = [Content-Type:"application/json;charset=UTF-8", Content-Length:"127"]
             Body = {"vendorId":"V001","vendorName":"Amazon Web Services","vendorAddress":"Seattle, WA, USA","vendorPhoneNumber":"+1-206-266-1000"}
    Session Attrs = {}

Handler:
             Type = com.example.cloudvendor.controller.CloudVendorController
           Method = com.example.cloudvendor.controller.CloudVendorController#updateVendor(CloudVendor)

Async:
    Async started = false
     Async result = null

Resolved Exception:
             Type = null

ModelAndView:
        View name = null
             View = null
            Model = null

FlashMap:
       Attributes = null

MockHttpServletResponse:
           Status = 404
    Error message = null
          Headers = [Vary:"Origin", "Access-Control-Request-Method", "Access-Control-Request-Headers", Content-Type:"text/plain;charset=UTF-8", Content-Length:"35"]
     Content type = text/plain;charset=UTF-8
             Body = Cloud Vendor with ID V001 not found
    Forwarded URL = null
   Redirected URL = null
          Cookies = []
]]></system-out>
  </testcase>
  <testcase name="shouldGetAllCloudVendorsSuccessfully" classname="com.example.cloudvendor.controller.CloudVendorControllerTest" time="0.032">
    <system-out><![CDATA[2025-09-07T16:52:48.404-07:00 DEBUG 15004 --- [cloud-vendor-api] [           main] s.w.s.m.m.a.RequestMappingHandlerMapping : Mapped to com.example.cloudvendor.controller.CloudVendorController#getAllVendors()
2025-09-07T16:52:48.407-07:00 DEBUG 15004 --- [cloud-vendor-api] [           main] o.s.w.s.m.m.a.HttpEntityMethodProcessor  : Using 'application/json', given [*/*] and supported [application/json, application/*+json]
2025-09-07T16:52:48.407-07:00 DEBUG 15004 --- [cloud-vendor-api] [           main] o.s.w.s.m.m.a.HttpEntityMethodProcessor  : Writing [[CloudVendor(vendorId=V001, vendorName=Amazon Web Services, vendorAddress=Seattle, WA, USA, vendorPh (truncated)...]

MockHttpServletRequest:
      HTTP Method = GET
      Request URI = /cloudvendor
       Parameters = {}
          Headers = []
             Body = null
    Session Attrs = {}

Handler:
             Type = com.example.cloudvendor.controller.CloudVendorController
           Method = com.example.cloudvendor.controller.CloudVendorController#getAllVendors()

Async:
    Async started = false
     Async result = null

Resolved Exception:
             Type = null

ModelAndView:
        View name = null
             View = null
            Model = null

FlashMap:
       Attributes = null

MockHttpServletResponse:
           Status = 200
    Error message = null
          Headers = [Vary:"Origin", "Access-Control-Request-Method", "Access-Control-Request-Headers", Content-Type:"application/json"]
     Content type = application/json
             Body = [{"vendorId":"V001","vendorName":"Amazon Web Services","vendorAddress":"Seattle, WA, USA","vendorPhoneNumber":"+1-206-266-1000"},{"vendorId":"V002","vendorName":"Microsoft Azure","vendorAddress":"Redmond, WA, USA","vendorPhoneNumber":"+1-425-882-8080"}]
    Forwarded URL = null
   Redirected URL = null
          Cookies = []
]]></system-out>
  </testcase>
  <testcase name="shouldUpdateCloudVendorSuccessfully" classname="com.example.cloudvendor.controller.CloudVendorControllerTest" time="0.033">
    <system-out><![CDATA[2025-09-07T16:52:48.458-07:00 DEBUG 15004 --- [cloud-vendor-api] [           main] s.w.s.m.m.a.RequestMappingHandlerMapping : Mapped to com.example.cloudvendor.controller.CloudVendorController#updateVendor(CloudVendor)
2025-09-07T16:52:48.459-07:00 DEBUG 15004 --- [cloud-vendor-api] [           main] m.m.a.RequestResponseBodyMethodProcessor : Read "application/json;charset=UTF-8" to [CloudVendor(vendorId=V001, vendorName=AWS - Updated, vendorAddress=Seattle, Washington, USA, vendorP (truncated)...]
2025-09-07T16:52:48.462-07:00 DEBUG 15004 --- [cloud-vendor-api] [           main] o.s.w.s.m.m.a.HttpEntityMethodProcessor  : Using 'application/json', given [*/*] and supported [application/json, application/*+json]
2025-09-07T16:52:48.463-07:00 DEBUG 15004 --- [cloud-vendor-api] [           main] o.s.w.s.m.m.a.HttpEntityMethodProcessor  : Writing [CloudVendor(vendorId=V001, vendorName=AWS - Updated, vendorAddress=Seattle, Washington, USA, vendorP (truncated)...]

MockHttpServletRequest:
      HTTP Method = PUT
      Request URI = /cloudvendor
       Parameters = {}
          Headers = [Content-Type:"application/json;charset=UTF-8", Content-Length:"129"]
             Body = {"vendorId":"V001","vendorName":"AWS - Updated","vendorAddress":"Seattle, Washington, USA","vendorPhoneNumber":"+1-206-266-2000"}
    Session Attrs = {}

Handler:
             Type = com.example.cloudvendor.controller.CloudVendorController
           Method = com.example.cloudvendor.controller.CloudVendorController#updateVendor(CloudVendor)

Async:
    Async started = false
     Async result = null

Resolved Exception:
             Type = null

ModelAndView:
        View name = null
             View = null
            Model = null

FlashMap:
       Attributes = null

MockHttpServletResponse:
           Status = 200
    Error message = null
          Headers = [Vary:"Origin", "Access-Control-Request-Method", "Access-Control-Request-Headers", Content-Type:"application/json"]
     Content type = application/json
             Body = {"vendorId":"V001","vendorName":"AWS - Updated","vendorAddress":"Seattle, Washington, USA","vendorPhoneNumber":"+1-206-266-2000"}
    Forwarded URL = null
   Redirected URL = null
          Cookies = []
]]></system-out>
  </testcase>
  <testcase name="shouldReturnBadRequestWhenVendorAlreadyExists" classname="com.example.cloudvendor.controller.CloudVendorControllerTest" time="0.028">
    <system-out><![CDATA[2025-09-07T16:52:48.492-07:00 DEBUG 15004 --- [cloud-vendor-api] [           main] s.w.s.m.m.a.RequestMappingHandlerMapping : Mapped to com.example.cloudvendor.controller.CloudVendorController#createVendor(CloudVendor)
2025-09-07T16:52:48.496-07:00 DEBUG 15004 --- [cloud-vendor-api] [           main] m.m.a.RequestResponseBodyMethodProcessor : Read "application/json;charset=UTF-8" to [CloudVendor(vendorId=V001, vendorName=Amazon Web Services, vendorAddress=Seattle, WA, USA, vendorPho (truncated)...]
2025-09-07T16:52:48.501-07:00 DEBUG 15004 --- [cloud-vendor-api] [           main] o.s.w.s.m.m.a.HttpEntityMethodProcessor  : Using 'text/plain', given [*/*] and supported [text/plain, */*, application/json, application/*+json]
2025-09-07T16:52:48.502-07:00 DEBUG 15004 --- [cloud-vendor-api] [           main] o.s.w.s.m.m.a.HttpEntityMethodProcessor  : Writing ["Cloud Vendor with ID V001 already exists"]

MockHttpServletRequest:
      HTTP Method = POST
      Request URI = /cloudvendor
       Parameters = {}
          Headers = [Content-Type:"application/json;charset=UTF-8", Content-Length:"127"]
             Body = {"vendorId":"V001","vendorName":"Amazon Web Services","vendorAddress":"Seattle, WA, USA","vendorPhoneNumber":"+1-206-266-1000"}
    Session Attrs = {}

Handler:
             Type = com.example.cloudvendor.controller.CloudVendorController
           Method = com.example.cloudvendor.controller.CloudVendorController#createVendor(CloudVendor)

Async:
    Async started = false
     Async result = null

Resolved Exception:
             Type = null

ModelAndView:
        View name = null
             View = null
            Model = null

FlashMap:
       Attributes = null

MockHttpServletResponse:
           Status = 400
    Error message = null
          Headers = [Vary:"Origin", "Access-Control-Request-Method", "Access-Control-Request-Headers", Content-Type:"text/plain;charset=UTF-8", Content-Length:"40"]
     Content type = text/plain;charset=UTF-8
             Body = Cloud Vendor with ID V001 already exists
    Forwarded URL = null
   Redirected URL = null
          Cookies = []
]]></system-out>
  </testcase>
  <testcase name="shouldReturnBadRequestWhenCreatingVendorWithInvalidData" classname="com.example.cloudvendor.controller.CloudVendorControllerTest" time="0.053">
    <system-out><![CDATA[2025-09-07T16:52:48.525-07:00 DEBUG 15004 --- [cloud-vendor-api] [           main] s.w.s.m.m.a.RequestMappingHandlerMapping : Mapped to com.example.cloudvendor.controller.CloudVendorController#createVendor(CloudVendor)
2025-09-07T16:52:48.527-07:00 DEBUG 15004 --- [cloud-vendor-api] [           main] m.m.a.RequestResponseBodyMethodProcessor : Read "application/json;charset=UTF-8" to [CloudVendor(vendorId=, vendorName=, vendorAddress=, vendorPhoneNumber=)]
2025-09-07T16:52:48.560-07:00  WARN 15004 --- [cloud-vendor-api] [           main] .w.s.m.s.DefaultHandlerExceptionResolver : Resolved [org.springframework.web.bind.MethodArgumentNotValidException: Validation failed for argument [0] in public org.springframework.http.ResponseEntity<?> com.example.cloudvendor.controller.CloudVendorController.createVendor(com.example.cloudvendor.entity.CloudVendor) with 4 errors: [Field error in object 'cloudVendor' on field 'vendorPhoneNumber': rejected value []; codes [NotBlank.cloudVendor.vendorPhoneNumber,NotBlank.vendorPhoneNumber,NotBlank.java.lang.String,NotBlank]; arguments [org.springframework.context.support.DefaultMessageSourceResolvable: codes [cloudVendor.vendorPhoneNumber,vendorPhoneNumber]; arguments []; default message [vendorPhoneNumber]]; default message [Vendor phone number cannot be blank]] [Field error in object 'cloudVendor' on field 'vendorId': rejected value []; codes [NotBlank.cloudVendor.vendorId,NotBlank.vendorId,NotBlank.java.lang.String,NotBlank]; arguments [org.springframework.context.support.DefaultMessageSourceResolvable: codes [cloudVendor.vendorId,vendorId]; arguments []; default message [vendorId]]; default message [Vendor ID cannot be blank]] [Field error in object 'cloudVendor' on field 'vendorAddress': rejected value []; codes [NotBlank.cloudVendor.vendorAddress,NotBlank.vendorAddress,NotBlank.java.lang.String,NotBlank]; arguments [org.springframework.context.support.DefaultMessageSourceResolvable: codes [cloudVendor.vendorAddress,vendorAddress]; arguments []; default message [vendorAddress]]; default message [Vendor address cannot be blank]] [Field error in object 'cloudVendor' on field 'vendorName': rejected value []; codes [NotBlank.cloudVendor.vendorName,NotBlank.vendorName,NotBlank.java.lang.String,NotBlank]; arguments [org.springframework.context.support.DefaultMessageSourceResolvable: codes [cloudVendor.vendorName,vendorName]; arguments []; default message [vendorName]]; default message [Vendor name cannot be blank]] ]

MockHttpServletRequest:
      HTTP Method = POST
      Request URI = /cloudvendor
       Parameters = {}
          Headers = [Content-Type:"application/json;charset=UTF-8", Content-Length:"73"]
             Body = {"vendorId":"","vendorName":"","vendorAddress":"","vendorPhoneNumber":""}
    Session Attrs = {}

Handler:
             Type = com.example.cloudvendor.controller.CloudVendorController
           Method = com.example.cloudvendor.controller.CloudVendorController#createVendor(CloudVendor)

Async:
    Async started = false
     Async result = null

Resolved Exception:
             Type = org.springframework.web.bind.MethodArgumentNotValidException

ModelAndView:
        View name = null
             View = null
            Model = null

FlashMap:
       Attributes = null

MockHttpServletResponse:
           Status = 400
    Error message = Invalid request content.
          Headers = [Vary:"Origin", "Access-Control-Request-Method", "Access-Control-Request-Headers"]
     Content type = null
             Body = 
    Forwarded URL = null
   Redirected URL = null
          Cookies = []
]]></system-out>
  </testcase>
  <testcase name="shouldReturnSuccessForHealthCheck" classname="com.example.cloudvendor.controller.CloudVendorControllerTest" time="0.025">
    <system-out><![CDATA[2025-09-07T16:52:48.586-07:00 DEBUG 15004 --- [cloud-vendor-api] [           main] s.w.s.m.m.a.RequestMappingHandlerMapping : Mapped to com.example.cloudvendor.controller.CloudVendorController#healthCheck()
2025-09-07T16:52:48.588-07:00 DEBUG 15004 --- [cloud-vendor-api] [           main] o.s.w.s.m.m.a.HttpEntityMethodProcessor  : Using 'text/plain', given [*/*] and supported [text/plain, */*, application/json, application/*+json]
2025-09-07T16:52:48.589-07:00 DEBUG 15004 --- [cloud-vendor-api] [           main] o.s.w.s.m.m.a.HttpEntityMethodProcessor  : Writing ["Cloud Vendor API is running successfully!"]

MockHttpServletRequest:
      HTTP Method = GET
      Request URI = /cloudvendor/health
       Parameters = {}
          Headers = []
             Body = null
    Session Attrs = {}

Handler:
             Type = com.example.cloudvendor.controller.CloudVendorController
           Method = com.example.cloudvendor.controller.CloudVendorController#healthCheck()

Async:
    Async started = false
     Async result = null

Resolved Exception:
             Type = null

ModelAndView:
        View name = null
             View = null
            Model = null

FlashMap:
       Attributes = null

MockHttpServletResponse:
           Status = 200
    Error message = null
          Headers = [Vary:"Origin", "Access-Control-Request-Method", "Access-Control-Request-Headers", Content-Type:"text/plain;charset=UTF-8", Content-Length:"41"]
     Content type = text/plain;charset=UTF-8
             Body = Cloud Vendor API is running successfully!
    Forwarded URL = null
   Redirected URL = null
          Cookies = []
]]></system-out>
  </testcase>
  <testcase name="shouldReturnNotFoundWhenNoVendorsExist" classname="com.example.cloudvendor.controller.CloudVendorControllerTest" time="0.018">
    <system-out><![CDATA[2025-09-07T16:52:48.607-07:00 DEBUG 15004 --- [cloud-vendor-api] [           main] s.w.s.m.m.a.RequestMappingHandlerMapping : Mapped to com.example.cloudvendor.controller.CloudVendorController#getAllVendors()
2025-09-07T16:52:48.608-07:00 DEBUG 15004 --- [cloud-vendor-api] [           main] o.s.w.s.m.m.a.HttpEntityMethodProcessor  : Using 'text/plain', given [*/*] and supported [text/plain, */*, application/json, application/*+json]
2025-09-07T16:52:48.609-07:00 DEBUG 15004 --- [cloud-vendor-api] [           main] o.s.w.s.m.m.a.HttpEntityMethodProcessor  : Writing ["No Cloud Vendors found"]

MockHttpServletRequest:
      HTTP Method = GET
      Request URI = /cloudvendor
       Parameters = {}
          Headers = []
             Body = null
    Session Attrs = {}

Handler:
             Type = com.example.cloudvendor.controller.CloudVendorController
           Method = com.example.cloudvendor.controller.CloudVendorController#getAllVendors()

Async:
    Async started = false
     Async result = null

Resolved Exception:
             Type = null

ModelAndView:
        View name = null
             View = null
            Model = null

FlashMap:
       Attributes = null

MockHttpServletResponse:
           Status = 404
    Error message = null
          Headers = [Vary:"Origin", "Access-Control-Request-Method", "Access-Control-Request-Headers", Content-Type:"text/plain;charset=UTF-8", Content-Length:"22"]
     Content type = text/plain;charset=UTF-8
             Body = No Cloud Vendors found
    Forwarded URL = null
   Redirected URL = null
          Cookies = []
]]></system-out>
  </testcase>
  <testcase name="shouldReturnBadRequestWhenUpdatingWithInvalidData" classname="com.example.cloudvendor.controller.CloudVendorControllerTest" time="0.021">
    <system-out><![CDATA[2025-09-07T16:52:48.632-07:00 DEBUG 15004 --- [cloud-vendor-api] [           main] s.w.s.m.m.a.RequestMappingHandlerMapping : Mapped to com.example.cloudvendor.controller.CloudVendorController#updateVendor(CloudVendor)
2025-09-07T16:52:48.638-07:00 DEBUG 15004 --- [cloud-vendor-api] [           main] m.m.a.RequestResponseBodyMethodProcessor : Read "application/json;charset=UTF-8" to [CloudVendor(vendorId=V001, vendorName=, vendorAddress=, vendorPhoneNumber=)]
2025-09-07T16:52:48.640-07:00  WARN 15004 --- [cloud-vendor-api] [           main] .w.s.m.s.DefaultHandlerExceptionResolver : Resolved [org.springframework.web.bind.MethodArgumentNotValidException: Validation failed for argument [0] in public org.springframework.http.ResponseEntity<?> com.example.cloudvendor.controller.CloudVendorController.updateVendor(com.example.cloudvendor.entity.CloudVendor) with 3 errors: [Field error in object 'cloudVendor' on field 'vendorPhoneNumber': rejected value []; codes [NotBlank.cloudVendor.vendorPhoneNumber,NotBlank.vendorPhoneNumber,NotBlank.java.lang.String,NotBlank]; arguments [org.springframework.context.support.DefaultMessageSourceResolvable: codes [cloudVendor.vendorPhoneNumber,vendorPhoneNumber]; arguments []; default message [vendorPhoneNumber]]; default message [Vendor phone number cannot be blank]] [Field error in object 'cloudVendor' on field 'vendorAddress': rejected value []; codes [NotBlank.cloudVendor.vendorAddress,NotBlank.vendorAddress,NotBlank.java.lang.String,NotBlank]; arguments [org.springframework.context.support.DefaultMessageSourceResolvable: codes [cloudVendor.vendorAddress,vendorAddress]; arguments []; default message [vendorAddress]]; default message [Vendor address cannot be blank]] [Field error in object 'cloudVendor' on field 'vendorName': rejected value []; codes [NotBlank.cloudVendor.vendorName,NotBlank.vendorName,NotBlank.java.lang.String,NotBlank]; arguments [org.springframework.context.support.DefaultMessageSourceResolvable: codes [cloudVendor.vendorName,vendorName]; arguments []; default message [vendorName]]; default message [Vendor name cannot be blank]] ]

MockHttpServletRequest:
      HTTP Method = PUT
      Request URI = /cloudvendor
       Parameters = {}
          Headers = [Content-Type:"application/json;charset=UTF-8", Content-Length:"77"]
             Body = {"vendorId":"V001","vendorName":"","vendorAddress":"","vendorPhoneNumber":""}
    Session Attrs = {}

Handler:
             Type = com.example.cloudvendor.controller.CloudVendorController
           Method = com.example.cloudvendor.controller.CloudVendorController#updateVendor(CloudVendor)

Async:
    Async started = false
     Async result = null

Resolved Exception:
             Type = org.springframework.web.bind.MethodArgumentNotValidException

ModelAndView:
        View name = null
             View = null
            Model = null

FlashMap:
       Attributes = null

MockHttpServletResponse:
           Status = 400
    Error message = Invalid request content.
          Headers = [Vary:"Origin", "Access-Control-Request-Method", "Access-Control-Request-Headers"]
     Content type = null
             Body = 
    Forwarded URL = null
   Redirected URL = null
          Cookies = []
]]></system-out>
  </testcase>
  <testcase name="shouldCreateCloudVendorSuccessfully" classname="com.example.cloudvendor.controller.CloudVendorControllerTest" time="0.018">
    <system-out><![CDATA[2025-09-07T16:52:48.668-07:00 DEBUG 15004 --- [cloud-vendor-api] [           main] s.w.s.m.m.a.RequestMappingHandlerMapping : Mapped to com.example.cloudvendor.controller.CloudVendorController#createVendor(CloudVendor)
2025-09-07T16:52:48.669-07:00 DEBUG 15004 --- [cloud-vendor-api] [           main] m.m.a.RequestResponseBodyMethodProcessor : Read "application/json;charset=UTF-8" to [CloudVendor(vendorId=V001, vendorName=Amazon Web Services, vendorAddress=Seattle, WA, USA, vendorPho (truncated)...]
2025-09-07T16:52:48.671-07:00 DEBUG 15004 --- [cloud-vendor-api] [           main] o.s.w.s.m.m.a.HttpEntityMethodProcessor  : Using 'application/json', given [*/*] and supported [application/json, application/*+json]
2025-09-07T16:52:48.671-07:00 DEBUG 15004 --- [cloud-vendor-api] [           main] o.s.w.s.m.m.a.HttpEntityMethodProcessor  : Writing [CloudVendor(vendorId=V001, vendorName=Amazon Web Services, vendorAddress=Seattle, WA, USA, vendorPho (truncated)...]

MockHttpServletRequest:
      HTTP Method = POST
      Request URI = /cloudvendor
       Parameters = {}
          Headers = [Content-Type:"application/json;charset=UTF-8", Content-Length:"127"]
             Body = {"vendorId":"V001","vendorName":"Amazon Web Services","vendorAddress":"Seattle, WA, USA","vendorPhoneNumber":"+1-206-266-1000"}
    Session Attrs = {}

Handler:
             Type = com.example.cloudvendor.controller.CloudVendorController
           Method = com.example.cloudvendor.controller.CloudVendorController#createVendor(CloudVendor)

Async:
    Async started = false
     Async result = null

Resolved Exception:
             Type = null

ModelAndView:
        View name = null
             View = null
            Model = null

FlashMap:
       Attributes = null

MockHttpServletResponse:
           Status = 201
    Error message = null
          Headers = [Vary:"Origin", "Access-Control-Request-Method", "Access-Control-Request-Headers", Content-Type:"application/json"]
     Content type = application/json
             Body = {"vendorId":"V001","vendorName":"Amazon Web Services","vendorAddress":"Seattle, WA, USA","vendorPhoneNumber":"+1-206-266-1000"}
    Forwarded URL = null
   Redirected URL = null
          Cookies = []
]]></system-out>
  </testcase>
</testsuite>