<?xml version="1.0" encoding="UTF-8"?>
<testsuite xmlns:xsi="http://www.w3.org/2001/XMLSchema-instance" xsi:noNamespaceSchemaLocation="https://maven.apache.org/surefire/maven-surefire-plugin/xsd/surefire-test-report-3.0.xsd" version="3.0" name="com.example.cloudvendor.integration.CloudVendorIntegrationTest" time="4.906" tests="11" errors="0" skipped="0" failures="0">
  <properties>
[...]
</properties>
  <testcase name="shouldHandleEmptyVendorList" classname="com.example.cloudvendor.integration.CloudVendorIntegrationTest" time="0.273">
    <system-out><![CDATA[2025-11-29 10:14:02.036 [main] INFO  o.s.t.c.s.AnnotationConfigContextLoaderUtils - Could not detect default configuration classes for test class [com.example.cloudvendor.integration.CloudVendorIntegrationTest]: CloudVendorIntegrationTest does not declare any static, non-private, non-final, nested classes annotated with @Configuration.
2025-11-29 10:14:02.070 [main] INFO  o.s.b.t.c.SpringBootTestContextBootstrapper - Found @SpringBootConfiguration com.example.cloudvendor.CloudVendorApiApplication for test class com.example.cloudvendor.integration.CloudVendorIntegrationTest

  .   ____          _            __ _ _
 /\\ / ___'_ __ _ _(_)_ __  __ _ \ \ \ \
( ( )\___ | '_ | '_| | '_ \/ _` | \ \ \ \
 \\/  ___)| |_)| | | | | || (_| |  ) ) ) )
  '  |____| .__|_| |_|_| |_\__, | / / / /
 =========|_|==============|___/=/_/_/_/
 :: Spring Boot ::                (v3.2.0)

2025-11-29 10:14:02.170 [main] INFO  c.e.c.i.CloudVendorIntegrationTest - Starting CloudVendorIntegrationTest using Java 21.0.7 with PID 1948 (started by Krishna Reddy in C:\Users\radha\OneDrive\Documents\0SpringBoot\Cloud-Vendor-SpringBoot-MySQL-K8S-Minikube)
2025-11-29 10:14:02.172 [main] DEBUG c.e.c.i.CloudVendorIntegrationTest - Running with Spring Boot v3.2.0, Spring v6.1.1
2025-11-29 10:14:02.172 [main] INFO  c.e.c.i.CloudVendorIntegrationTest - The following 1 profile is active: "test"
2025-11-29 10:14:02.751 [main] INFO  o.s.d.r.c.RepositoryConfigurationDelegate - Bootstrapping Spring Data JPA repositories in DEFAULT mode.
2025-11-29 10:14:02.872 [main] INFO  o.s.d.r.c.RepositoryConfigurationDelegate - Finished Spring Data repository scanning in 81 ms. Found 1 JPA repository interface.
2025-11-29 10:14:03.358 [main] INFO  o.h.jpa.internal.util.LogHelper - HHH000204: Processing PersistenceUnitInfo [name: default]
2025-11-29 10:14:03.488 [main] INFO  org.hibernate.Version - HHH000412: Hibernate ORM core version 6.3.1.Final
2025-11-29 10:14:03.550 [main] INFO  o.h.c.i.RegionFactoryInitiator - HHH000026: Second-level cache disabled
2025-11-29 10:14:03.673 [main] INFO  o.s.o.j.p.SpringPersistenceUnitInfo - No LoadTimeWeaver setup: ignoring JPA class transformer
2025-11-29 10:14:03.698 [main] INFO  com.zaxxer.hikari.HikariDataSource - HikariPool-1 - Starting...
2025-11-29 10:14:03.942 [main] INFO  com.zaxxer.hikari.pool.HikariPool - HikariPool-1 - Added connection conn0: url=jdbc:h2:mem:testdb user=SA
2025-11-29 10:14:03.956 [main] INFO  com.zaxxer.hikari.HikariDataSource - HikariPool-1 - Start completed.
2025-11-29 10:14:03.986 [main] WARN  org.hibernate.orm.deprecation - HHH90000025: H2Dialect does not need to be specified explicitly using 'hibernate.dialect' (remove the property setting and it will be selected by default)
2025-11-29 10:14:04.728 [main] INFO  o.h.e.t.j.p.i.JtaPlatformInitiator - HHH000489: No JTA platform available (set 'hibernate.transaction.jta.platform' to enable JTA platform integration)
2025-11-29 10:14:04.748 [main] DEBUG org.hibernate.SQL - 
    drop table if exists cloud_vendor cascade 
2025-11-29 10:14:04.772 [main] DEBUG org.hibernate.SQL - 
    create table cloud_vendor (
        vendor_address varchar(255),
        vendor_id varchar(255) not null,
        vendor_name varchar(255),
        vendor_phone_number varchar(255),
        primary key (vendor_id)
    )
2025-11-29 10:14:04.772 [main] INFO  o.s.o.j.LocalContainerEntityManagerFactoryBean - Initialized JPA EntityManagerFactory for persistence unit 'default'
2025-11-29 10:14:05.135 [main] INFO  c.e.cloudvendor.config.OpenApiConfig - Initializing OpenAPI configuration
2025-11-29 10:14:05.312 [main] WARN  o.s.b.a.o.j.JpaBaseConfiguration$JpaWebConfiguration - spring.jpa.open-in-view is enabled by default. Therefore, database queries may be performed during view rendering. Explicitly configure spring.jpa.open-in-view to disable this warning
2025-11-29 10:14:05.538 [main] INFO  o.s.b.a.h.H2ConsoleAutoConfiguration - H2 console available at '/h2-console'. Database available at 'jdbc:h2:mem:testdb'
2025-11-29 10:14:05.621 [main] INFO  o.s.b.t.m.w.SpringBootMockServletContext - Initializing Spring TestDispatcherServlet ''
2025-11-29 10:14:05.621 [main] INFO  o.s.t.w.s.TestDispatcherServlet - Initializing Servlet ''
2025-11-29 10:14:05.621 [main] INFO  o.s.t.w.s.TestDispatcherServlet - Completed initialization in 0 ms
2025-11-29 10:14:05.635 [main] INFO  c.e.c.i.CloudVendorIntegrationTest - Started CloudVendorIntegrationTest in 3.549 seconds (process running for 10.736)
2025-11-29 10:14:05.838 [main] DEBUG org.hibernate.SQL - 
    select
        cv1_0.vendor_id,
        cv1_0.vendor_address,
        cv1_0.vendor_name,
        cv1_0.vendor_phone_number 
    from
        cloud_vendor cv1_0
2025-11-29 10:14:05.882 [main] INFO  c.e.c.c.CloudVendorController - GET /cloudvendor - Retrieving all cloud vendors
2025-11-29 10:14:05.882 [main] DEBUG c.e.c.s.impl.CloudVendorServiceImpl - Retrieving all cloud vendors
2025-11-29 10:14:05.894 [main] DEBUG org.hibernate.SQL - 
    select
        cv1_0.vendor_id,
        cv1_0.vendor_address,
        cv1_0.vendor_name,
        cv1_0.vendor_phone_number 
    from
        cloud_vendor cv1_0
2025-11-29 10:14:05.894 [main] WARN  c.e.c.s.impl.CloudVendorServiceImpl - No cloud vendors found in the database
2025-11-29 10:14:05.894 [main] ERROR c.e.c.c.CloudVendorController - Error retrieving all cloud vendors - No Cloud Vendors found

MockHttpServletRequest:
      HTTP Method = GET
      Request URI = /cloudvendor
       Parameters = {}
          Headers = []
             Body = null
    Session Attrs = {}

Handler:
             Type = com.example.cloudvendor.controller.CloudVendorController
           Method = com.example.cloudvendor.controller.CloudVendorController#getAllVendors()

Async:
    Async started = false
     Async result = null

Resolved Exception:
             Type = null

ModelAndView:
        View name = null
             View = null
            Model = null

FlashMap:
       Attributes = null

MockHttpServletResponse:
           Status = 404
    Error message = null
          Headers = [Vary:"Origin", "Access-Control-Request-Method", "Access-Control-Request-Headers", Content-Type:"text/plain;charset=UTF-8", Content-Length:"22"]
     Content type = text/plain;charset=UTF-8
             Body = No Cloud Vendors found
    Forwarded URL = null
   Redirected URL = null
          Cookies = []
]]></system-out>
  </testcase>
  <testcase name="shouldTestHealthEndpoint" classname="com.example.cloudvendor.integration.CloudVendorIntegrationTest" time="0.024">
    <system-out><![CDATA[2025-11-29 10:14:05.918 [main] DEBUG org.hibernate.SQL - 
    select
        cv1_0.vendor_id,
        cv1_0.vendor_address,
        cv1_0.vendor_name,
        cv1_0.vendor_phone_number 
    from
        cloud_vendor cv1_0
2025-11-29 10:14:05.922 [main] DEBUG c.e.c.c.CloudVendorController - GET /cloudvendor/health - Health check endpoint called

MockHttpServletRequest:
      HTTP Method = GET
      Request URI = /cloudvendor/health
       Parameters = {}
          Headers = []
             Body = null
    Session Attrs = {}

Handler:
             Type = com.example.cloudvendor.controller.CloudVendorController
           Method = com.example.cloudvendor.controller.CloudVendorController#healthCheck()

Async:
    Async started = false
     Async result = null

Resolved Exception:
             Type = null

ModelAndView:
        View name = null
             View = null
            Model = null

FlashMap:
       Attributes = null

MockHttpServletResponse:
           Status = 200
    Error message = null
          Headers = [Vary:"Origin", "Access-Control-Request-Method", "Access-Control-Request-Headers", Content-Type:"text/plain;charset=UTF-8", Content-Length:"41"]
     Content type = text/plain;charset=UTF-8
             Body = Cloud Vendor API is running successfully!
    Forwarded URL = null
   Redirected URL = null
          Cookies = []
]]></system-out>
  </testcase>
  <testcase name="shouldHandleUnsupportedHttpMethods" classname="com.example.cloudvendor.integration.CloudVendorIntegrationTest" time="0.019">
    <system-out><![CDATA[2025-11-29 10:14:05.948 [main] DEBUG org.hibernate.SQL - 
    select
        cv1_0.vendor_id,
        cv1_0.vendor_address,
        cv1_0.vendor_name,
        cv1_0.vendor_phone_number 
    from
        cloud_vendor cv1_0
2025-11-29 10:14:05.951 [main] WARN  o.s.w.s.m.s.DefaultHandlerExceptionResolver - Resolved [org.springframework.web.HttpRequestMethodNotSupportedException: Request method 'PATCH' is not supported]

MockHttpServletRequest:
      HTTP Method = PATCH
      Request URI = /cloudvendor/V001
       Parameters = {}
          Headers = [Content-Type:"application/json;charset=UTF-8", Content-Length:"127"]
             Body = {"vendorId":"V001","vendorName":"Amazon Web Services","vendorAddress":"Seattle, WA, USA","vendorPhoneNumber":"+1-206-266-1000"}
    Session Attrs = {}

Handler:
             Type = null

Async:
    Async started = false
     Async result = null

Resolved Exception:
             Type = org.springframework.web.HttpRequestMethodNotSupportedException

ModelAndView:
        View name = null
             View = null
            Model = null

FlashMap:
       Attributes = null

MockHttpServletResponse:
           Status = 405
    Error message = Method 'PATCH' is not supported.
          Headers = [Allow:"GET, DELETE"]
     Content type = null
             Body = 
    Forwarded URL = null
   Redirected URL = null
          Cookies = []
]]></system-out>
  </testcase>
  <testcase name="shouldPerformCompleteCrudOperationsSuccessfully" classname="com.example.cloudvendor.integration.CloudVendorIntegrationTest" time="0.615">
    <system-out><![CDATA[2025-11-29 10:14:05.978 [main] DEBUG org.hibernate.SQL - 
    select
        cv1_0.vendor_id,
        cv1_0.vendor_address,
        cv1_0.vendor_name,
        cv1_0.vendor_phone_number 
    from
        cloud_vendor cv1_0
2025-11-29 10:14:06.000 [main] INFO  c.e.c.c.CloudVendorController - POST /cloudvendor - Creating new cloud vendor with ID: V001
2025-11-29 10:14:06.000 [main] DEBUG c.e.c.s.impl.CloudVendorServiceImpl - Creating cloud vendor with ID: V001
2025-11-29 10:14:06.407 [main] DEBUG org.hibernate.SQL - 
    select
        count(*) 
    from
        cloud_vendor cv1_0 
    where
        cv1_0.vendor_id=?
2025-11-29 10:14:06.446 [main] DEBUG org.hibernate.SQL - 
    select
        cv1_0.vendor_id,
        cv1_0.vendor_address,
        cv1_0.vendor_name,
        cv1_0.vendor_phone_number 
    from
        cloud_vendor cv1_0 
    where
        cv1_0.vendor_id=?
2025-11-29 10:14:06.468 [main] INFO  c.e.c.s.impl.CloudVendorServiceImpl - Cloud vendor created successfully with ID: V001
2025-11-29 10:14:06.468 [main] INFO  c.e.c.c.CloudVendorController - Successfully created cloud vendor with ID: V001

MockHttpServletRequest:
      HTTP Method = POST
      Request URI = /cloudvendor
       Parameters = {}
          Headers = [Content-Type:"application/json;charset=UTF-8", Content-Length:"127"]
             Body = {"vendorId":"V001","vendorName":"Amazon Web Services","vendorAddress":"Seattle, WA, USA","vendorPhoneNumber":"+1-206-266-1000"}
    Session Attrs = {}

Handler:
             Type = com.example.cloudvendor.controller.CloudVendorController
           Method = com.example.cloudvendor.controller.CloudVendorController#createVendor(CloudVendor)

Async:
    Async started = false
     Async result = null

Resolved Exception:
             Type = null

ModelAndView:
        View name = null
             View = null
            Model = null

FlashMap:
       Attributes = null

MockHttpServletResponse:
           Status = 201
    Error message = null
          Headers = [Vary:"Origin", "Access-Control-Request-Method", "Access-Control-Request-Headers", Content-Type:"application/json"]
     Content type = application/json
             Body = {"vendorId":"V001","vendorName":"Amazon Web Services","vendorAddress":"Seattle, WA, USA","vendorPhoneNumber":"+1-206-266-1000"}
    Forwarded URL = null
   Redirected URL = null
          Cookies = []
2025-11-29 10:14:06.468 [main] INFO  c.e.c.c.CloudVendorController - GET /cloudvendor/V001 - Retrieving cloud vendor by ID
2025-11-29 10:14:06.468 [main] DEBUG c.e.c.s.impl.CloudVendorServiceImpl - Retrieving cloud vendor with ID: V001
2025-11-29 10:14:06.481 [main] INFO  c.e.c.s.impl.CloudVendorServiceImpl - Cloud vendor retrieved successfully with ID: V001
2025-11-29 10:14:06.481 [main] INFO  c.e.c.c.CloudVendorController - Successfully retrieved cloud vendor with ID: V001

MockHttpServletRequest:
      HTTP Method = GET
      Request URI = /cloudvendor/V001
       Parameters = {}
          Headers = []
             Body = null
    Session Attrs = {}

Handler:
             Type = com.example.cloudvendor.controller.CloudVendorController
           Method = com.example.cloudvendor.controller.CloudVendorController#getVendorById(String)

Async:
    Async started = false
     Async result = null

Resolved Exception:
             Type = null

ModelAndView:
        View name = null
             View = null
            Model = null

FlashMap:
       Attributes = null

MockHttpServletResponse:
           Status = 200
    Error message = null
          Headers = [Vary:"Origin", "Access-Control-Request-Method", "Access-Control-Request-Headers", Content-Type:"application/json"]
     Content type = application/json
             Body = {"vendorId":"V001","vendorName":"Amazon Web Services","vendorAddress":"Seattle, WA, USA","vendorPhoneNumber":"+1-206-266-1000"}
    Forwarded URL = null
   Redirected URL = null
          Cookies = []
2025-11-29 10:14:06.497 [main] INFO  c.e.c.c.CloudVendorController - PUT /cloudvendor - Updating cloud vendor with ID: V001
2025-11-29 10:14:06.497 [main] DEBUG c.e.c.s.impl.CloudVendorServiceImpl - Updating cloud vendor with ID: V001
2025-11-29 10:14:06.532 [main] DEBUG org.hibernate.SQL - 
    insert 
    into
        cloud_vendor
        (vendor_address, vendor_name, vendor_phone_number, vendor_id) 
    values
        (?, ?, ?, ?)
2025-11-29 10:14:06.532 [main] DEBUG org.hibernate.SQL - 
    select
        count(*) 
    from
        cloud_vendor cv1_0 
    where
        cv1_0.vendor_id=?
2025-11-29 10:14:06.547 [main] INFO  c.e.c.s.impl.CloudVendorServiceImpl - Cloud vendor updated successfully with ID: V001
2025-11-29 10:14:06.547 [main] INFO  c.e.c.c.CloudVendorController - Successfully updated cloud vendor with ID: V001

MockHttpServletRequest:
      HTTP Method = PUT
      Request URI = /cloudvendor
       Parameters = {}
          Headers = [Content-Type:"application/json;charset=UTF-8", Content-Length:"129"]
             Body = {"vendorId":"V001","vendorName":"AWS - Updated","vendorAddress":"Seattle, Washington, USA","vendorPhoneNumber":"+1-206-266-2000"}
    Session Attrs = {}

Handler:
             Type = com.example.cloudvendor.controller.CloudVendorController
           Method = com.example.cloudvendor.controller.CloudVendorController#updateVendor(CloudVendor)

Async:
    Async started = false
     Async result = null

Resolved Exception:
             Type = null

ModelAndView:
        View name = null
             View = null
            Model = null

FlashMap:
       Attributes = null

MockHttpServletResponse:
           Status = 200
    Error message = null
          Headers = [Vary:"Origin", "Access-Control-Request-Method", "Access-Control-Request-Headers", Content-Type:"application/json"]
     Content type = application/json
             Body = {"vendorId":"V001","vendorName":"AWS - Updated","vendorAddress":"Seattle, Washington, USA","vendorPhoneNumber":"+1-206-266-2000"}
    Forwarded URL = null
   Redirected URL = null
          Cookies = []
2025-11-29 10:14:06.547 [main] INFO  c.e.c.c.CloudVendorController - GET /cloudvendor/V001 - Retrieving cloud vendor by ID
2025-11-29 10:14:06.547 [main] DEBUG c.e.c.s.impl.CloudVendorServiceImpl - Retrieving cloud vendor with ID: V001
2025-11-29 10:14:06.547 [main] INFO  c.e.c.s.impl.CloudVendorServiceImpl - Cloud vendor retrieved successfully with ID: V001
2025-11-29 10:14:06.547 [main] INFO  c.e.c.c.CloudVendorController - Successfully retrieved cloud vendor with ID: V001

MockHttpServletRequest:
      HTTP Method = GET
      Request URI = /cloudvendor/V001
       Parameters = {}
          Headers = []
             Body = null
    Session Attrs = {}

Handler:
             Type = com.example.cloudvendor.controller.CloudVendorController
           Method = com.example.cloudvendor.controller.CloudVendorController#getVendorById(String)

Async:
    Async started = false
     Async result = null

Resolved Exception:
             Type = null

ModelAndView:
        View name = null
             View = null
            Model = null

FlashMap:
       Attributes = null

MockHttpServletResponse:
           Status = 200
    Error message = null
          Headers = [Vary:"Origin", "Access-Control-Request-Method", "Access-Control-Request-Headers", Content-Type:"application/json"]
     Content type = application/json
             Body = {"vendorId":"V001","vendorName":"AWS - Updated","vendorAddress":"Seattle, Washington, USA","vendorPhoneNumber":"+1-206-266-2000"}
    Forwarded URL = null
   Redirected URL = null
          Cookies = []
2025-11-29 10:14:06.552 [main] INFO  c.e.c.c.CloudVendorController - DELETE /cloudvendor/V001 - Deleting cloud vendor by ID
2025-11-29 10:14:06.552 [main] DEBUG c.e.c.s.impl.CloudVendorServiceImpl - Deleting cloud vendor with ID: V001
2025-11-29 10:14:06.563 [main] DEBUG org.hibernate.SQL - 
    update
        cloud_vendor 
    set
        vendor_address=?,
        vendor_name=?,
        vendor_phone_number=? 
    where
        vendor_id=?
2025-11-29 10:14:06.569 [main] DEBUG org.hibernate.SQL - 
    select
        count(*) 
    from
        cloud_vendor cv1_0 
    where
        cv1_0.vendor_id=?
2025-11-29 10:14:06.580 [main] INFO  c.e.c.s.impl.CloudVendorServiceImpl - Cloud vendor deleted successfully with ID: V001
2025-11-29 10:14:06.580 [main] INFO  c.e.c.c.CloudVendorController - Successfully deleted cloud vendor with ID: V001

MockHttpServletRequest:
      HTTP Method = DELETE
      Request URI = /cloudvendor/V001
       Parameters = {}
          Headers = []
             Body = null
    Session Attrs = {}

Handler:
             Type = com.example.cloudvendor.controller.CloudVendorController
           Method = com.example.cloudvendor.controller.CloudVendorController#deleteVendor(String)

Async:
    Async started = false
     Async result = null

Resolved Exception:
             Type = null

ModelAndView:
        View name = null
             View = null
            Model = null

FlashMap:
       Attributes = null

MockHttpServletResponse:
           Status = 200
    Error message = null
          Headers = [Vary:"Origin", "Access-Control-Request-Method", "Access-Control-Request-Headers", Content-Type:"text/plain;charset=UTF-8", Content-Length:"46"]
     Content type = text/plain;charset=UTF-8
             Body = Cloud Vendor with ID V001 deleted successfully
    Forwarded URL = null
   Redirected URL = null
          Cookies = []
2025-11-29 10:14:06.580 [main] INFO  c.e.c.c.CloudVendorController - GET /cloudvendor/V001 - Retrieving cloud vendor by ID
2025-11-29 10:14:06.580 [main] DEBUG c.e.c.s.impl.CloudVendorServiceImpl - Retrieving cloud vendor with ID: V001
2025-11-29 10:14:06.580 [main] WARN  c.e.c.s.impl.CloudVendorServiceImpl - Cloud Vendor with ID V001 not found
2025-11-29 10:14:06.580 [main] ERROR c.e.c.c.CloudVendorController - Error retrieving cloud vendor with ID: V001 - Cloud Vendor with ID V001 not found

MockHttpServletRequest:
      HTTP Method = GET
      Request URI = /cloudvendor/V001
       Parameters = {}
          Headers = []
             Body = null
    Session Attrs = {}

Handler:
             Type = com.example.cloudvendor.controller.CloudVendorController
           Method = com.example.cloudvendor.controller.CloudVendorController#getVendorById(String)

Async:
    Async started = false
     Async result = null

Resolved Exception:
             Type = null

ModelAndView:
        View name = null
             View = null
            Model = null

FlashMap:
       Attributes = null

MockHttpServletResponse:
           Status = 404
    Error message = null
          Headers = [Vary:"Origin", "Access-Control-Request-Method", "Access-Control-Request-Headers", Content-Type:"text/plain;charset=UTF-8", Content-Length:"35"]
     Content type = text/plain;charset=UTF-8
             Body = Cloud Vendor with ID V001 not found
    Forwarded URL = null
   Redirected URL = null
          Cookies = []
]]></system-out>
  </testcase>
  <testcase name="shouldHandleNonExistentVendorOperations" classname="com.example.cloudvendor.integration.CloudVendorIntegrationTest" time="0.048">
    <system-out><![CDATA[2025-11-29 10:14:06.607 [main] DEBUG org.hibernate.SQL - 
    select
        cv1_0.vendor_id,
        cv1_0.vendor_address,
        cv1_0.vendor_name,
        cv1_0.vendor_phone_number 
    from
        cloud_vendor cv1_0
2025-11-29 10:14:06.610 [main] INFO  c.e.c.c.CloudVendorController - GET /cloudvendor/V999 - Retrieving cloud vendor by ID
2025-11-29 10:14:06.610 [main] DEBUG c.e.c.s.impl.CloudVendorServiceImpl - Retrieving cloud vendor with ID: V999
2025-11-29 10:14:06.610 [main] DEBUG org.hibernate.SQL - 
    select
        cv1_0.vendor_id,
        cv1_0.vendor_address,
        cv1_0.vendor_name,
        cv1_0.vendor_phone_number 
    from
        cloud_vendor cv1_0 
    where
        cv1_0.vendor_id=?
2025-11-29 10:14:06.613 [main] WARN  c.e.c.s.impl.CloudVendorServiceImpl - Cloud Vendor with ID V999 not found
2025-11-29 10:14:06.613 [main] ERROR c.e.c.c.CloudVendorController - Error retrieving cloud vendor with ID: V999 - Cloud Vendor with ID V999 not found

MockHttpServletRequest:
      HTTP Method = GET
      Request URI = /cloudvendor/V999
       Parameters = {}
          Headers = []
             Body = null
    Session Attrs = {}

Handler:
             Type = com.example.cloudvendor.controller.CloudVendorController
           Method = com.example.cloudvendor.controller.CloudVendorController#getVendorById(String)

Async:
    Async started = false
     Async result = null

Resolved Exception:
             Type = null

ModelAndView:
        View name = null
             View = null
            Model = null

FlashMap:
       Attributes = null

MockHttpServletResponse:
           Status = 404
    Error message = null
          Headers = [Vary:"Origin", "Access-Control-Request-Method", "Access-Control-Request-Headers", Content-Type:"text/plain;charset=UTF-8", Content-Length:"35"]
     Content type = text/plain;charset=UTF-8
             Body = Cloud Vendor with ID V999 not found
    Forwarded URL = null
   Redirected URL = null
          Cookies = []
2025-11-29 10:14:06.615 [main] INFO  c.e.c.c.CloudVendorController - PUT /cloudvendor - Updating cloud vendor with ID: V999
2025-11-29 10:14:06.618 [main] DEBUG c.e.c.s.impl.CloudVendorServiceImpl - Updating cloud vendor with ID: V999
2025-11-29 10:14:06.618 [main] DEBUG org.hibernate.SQL - 
    select
        count(*) 
    from
        cloud_vendor cv1_0 
    where
        cv1_0.vendor_id=?
2025-11-29 10:14:06.618 [main] WARN  c.e.c.s.impl.CloudVendorServiceImpl - Cloud Vendor with ID V999 not found for update
2025-11-29 10:14:06.620 [main] ERROR c.e.c.c.CloudVendorController - Error updating cloud vendor with ID: V999 - Cloud Vendor with ID V999 not found

MockHttpServletRequest:
      HTTP Method = PUT
      Request URI = /cloudvendor
       Parameters = {}
          Headers = [Content-Type:"application/json;charset=UTF-8", Content-Length:"89"]
             Body = {"vendorId":"V999","vendorName":"Test","vendorAddress":"Test","vendorPhoneNumber":"Test"}
    Session Attrs = {}

Handler:
             Type = com.example.cloudvendor.controller.CloudVendorController
           Method = com.example.cloudvendor.controller.CloudVendorController#updateVendor(CloudVendor)

Async:
    Async started = false
     Async result = null

Resolved Exception:
             Type = null

ModelAndView:
        View name = null
             View = null
            Model = null

FlashMap:
       Attributes = null

MockHttpServletResponse:
           Status = 404
    Error message = null
          Headers = [Vary:"Origin", "Access-Control-Request-Method", "Access-Control-Request-Headers", Content-Type:"text/plain;charset=UTF-8", Content-Length:"35"]
     Content type = text/plain;charset=UTF-8
             Body = Cloud Vendor with ID V999 not found
    Forwarded URL = null
   Redirected URL = null
          Cookies = []
2025-11-29 10:14:06.622 [main] INFO  c.e.c.c.CloudVendorController - DELETE /cloudvendor/V999 - Deleting cloud vendor by ID
2025-11-29 10:14:06.622 [main] DEBUG c.e.c.s.impl.CloudVendorServiceImpl - Deleting cloud vendor with ID: V999
2025-11-29 10:14:06.622 [main] DEBUG org.hibernate.SQL - 
    select
        count(*) 
    from
        cloud_vendor cv1_0 
    where
        cv1_0.vendor_id=?
2025-11-29 10:14:06.622 [main] WARN  c.e.c.s.impl.CloudVendorServiceImpl - Cloud Vendor with ID V999 not found for deletion
2025-11-29 10:14:06.624 [main] ERROR c.e.c.c.CloudVendorController - Error deleting cloud vendor with ID: V999 - Cloud Vendor with ID V999 not found

MockHttpServletRequest:
      HTTP Method = DELETE
      Request URI = /cloudvendor/V999
       Parameters = {}
          Headers = []
             Body = null
    Session Attrs = {}

Handler:
             Type = com.example.cloudvendor.controller.CloudVendorController
           Method = com.example.cloudvendor.controller.CloudVendorController#deleteVendor(String)

Async:
    Async started = false
     Async result = null

Resolved Exception:
             Type = null

ModelAndView:
        View name = null
             View = null
            Model = null

FlashMap:
       Attributes = null

MockHttpServletResponse:
           Status = 404
    Error message = null
          Headers = [Vary:"Origin", "Access-Control-Request-Method", "Access-Control-Request-Headers", Content-Type:"text/plain;charset=UTF-8", Content-Length:"35"]
     Content type = text/plain;charset=UTF-8
             Body = Cloud Vendor with ID V999 not found
    Forwarded URL = null
   Redirected URL = null
          Cookies = []
]]></system-out>
  </testcase>
  <testcase name="shouldMaintainDataConsistencyAcrossOperations" classname="com.example.cloudvendor.integration.CloudVendorIntegrationTest" time="0.06">
    <system-out><![CDATA[2025-11-29 10:14:06.635 [main] DEBUG org.hibernate.SQL - 
    select
        cv1_0.vendor_id,
        cv1_0.vendor_address,
        cv1_0.vendor_name,
        cv1_0.vendor_phone_number 
    from
        cloud_vendor cv1_0
2025-11-29 10:14:06.642 [main] INFO  c.e.c.c.CloudVendorController - POST /cloudvendor - Creating new cloud vendor with ID: V001
2025-11-29 10:14:06.642 [main] DEBUG c.e.c.s.impl.CloudVendorServiceImpl - Creating cloud vendor with ID: V001
2025-11-29 10:14:06.644 [main] DEBUG org.hibernate.SQL - 
    select
        count(*) 
    from
        cloud_vendor cv1_0 
    where
        cv1_0.vendor_id=?
2025-11-29 10:14:06.644 [main] DEBUG org.hibernate.SQL - 
    select
        cv1_0.vendor_id,
        cv1_0.vendor_address,
        cv1_0.vendor_name,
        cv1_0.vendor_phone_number 
    from
        cloud_vendor cv1_0 
    where
        cv1_0.vendor_id=?
2025-11-29 10:14:06.648 [main] INFO  c.e.c.s.impl.CloudVendorServiceImpl - Cloud vendor created successfully with ID: V001
2025-11-29 10:14:06.648 [main] INFO  c.e.c.c.CloudVendorController - Successfully created cloud vendor with ID: V001
2025-11-29 10:14:06.648 [main] DEBUG org.hibernate.SQL - 
    insert 
    into
        cloud_vendor
        (vendor_address, vendor_name, vendor_phone_number, vendor_id) 
    values
        (?, ?, ?, ?)
2025-11-29 10:14:06.648 [main] DEBUG org.hibernate.SQL - 
    select
        count(*) 
    from
        cloud_vendor cv1_0 
    where
        cv1_0.vendor_id=?
2025-11-29 10:14:06.656 [main] DEBUG org.hibernate.SQL - 
    select
        count(*) 
    from
        cloud_vendor cv1_0
2025-11-29 10:14:06.656 [main] INFO  c.e.c.c.CloudVendorController - PUT /cloudvendor - Updating cloud vendor with ID: V001
2025-11-29 10:14:06.656 [main] DEBUG c.e.c.s.impl.CloudVendorServiceImpl - Updating cloud vendor with ID: V001
2025-11-29 10:14:06.656 [main] DEBUG org.hibernate.SQL - 
    select
        count(*) 
    from
        cloud_vendor cv1_0 
    where
        cv1_0.vendor_id=?
2025-11-29 10:14:06.656 [main] INFO  c.e.c.s.impl.CloudVendorServiceImpl - Cloud vendor updated successfully with ID: V001
2025-11-29 10:14:06.656 [main] INFO  c.e.c.c.CloudVendorController - Successfully updated cloud vendor with ID: V001
2025-11-29 10:14:06.656 [main] DEBUG org.hibernate.SQL - 
    update
        cloud_vendor 
    set
        vendor_address=?,
        vendor_name=?,
        vendor_phone_number=? 
    where
        vendor_id=?
2025-11-29 10:14:06.656 [main] DEBUG org.hibernate.SQL - 
    select
        count(*) 
    from
        cloud_vendor cv1_0
2025-11-29 10:14:06.656 [main] INFO  c.e.c.c.CloudVendorController - DELETE /cloudvendor/V001 - Deleting cloud vendor by ID
2025-11-29 10:14:06.656 [main] DEBUG c.e.c.s.impl.CloudVendorServiceImpl - Deleting cloud vendor with ID: V001
2025-11-29 10:14:06.670 [main] DEBUG org.hibernate.SQL - 
    select
        count(*) 
    from
        cloud_vendor cv1_0 
    where
        cv1_0.vendor_id=?
2025-11-29 10:14:06.672 [main] INFO  c.e.c.s.impl.CloudVendorServiceImpl - Cloud vendor deleted successfully with ID: V001
2025-11-29 10:14:06.672 [main] INFO  c.e.c.c.CloudVendorController - Successfully deleted cloud vendor with ID: V001
2025-11-29 10:14:06.677 [main] DEBUG org.hibernate.SQL - 
    delete 
    from
        cloud_vendor 
    where
        vendor_id=?
2025-11-29 10:14:06.680 [main] DEBUG org.hibernate.SQL - 
    select
        count(*) 
    from
        cloud_vendor cv1_0 
    where
        cv1_0.vendor_id=?
2025-11-29 10:14:06.680 [main] DEBUG org.hibernate.SQL - 
    select
        count(*) 
    from
        cloud_vendor cv1_0
]]></system-out>
  </testcase>
  <testcase name="shouldValidateInputDataCorrectly" classname="com.example.cloudvendor.integration.CloudVendorIntegrationTest" time="0.038">
    <system-out><![CDATA[2025-11-29 10:14:06.694 [main] DEBUG org.hibernate.SQL - 
    select
        cv1_0.vendor_id,
        cv1_0.vendor_address,
        cv1_0.vendor_name,
        cv1_0.vendor_phone_number 
    from
        cloud_vendor cv1_0
2025-11-29 10:14:06.700 [main] WARN  o.s.w.s.m.s.DefaultHandlerExceptionResolver - Resolved [org.springframework.web.bind.MethodArgumentNotValidException: Validation failed for argument [0] in public org.springframework.http.ResponseEntity<?> com.example.cloudvendor.controller.CloudVendorController.createVendor(com.example.cloudvendor.entity.CloudVendor): [Field error in object 'cloudVendor' on field 'vendorId': rejected value []; codes [NotBlank.cloudVendor.vendorId,NotBlank.vendorId,NotBlank.java.lang.String,NotBlank]; arguments [org.springframework.context.support.DefaultMessageSourceResolvable: codes [cloudVendor.vendorId,vendorId]; arguments []; default message [vendorId]]; default message [Vendor ID cannot be blank]] ]

MockHttpServletRequest:
      HTTP Method = POST
      Request URI = /cloudvendor
       Parameters = {}
          Headers = [Content-Type:"application/json;charset=UTF-8", Content-Length:"108"]
             Body = {"vendorId":"","vendorName":"Test Vendor","vendorAddress":"Test Address","vendorPhoneNumber":"123-456-7890"}
    Session Attrs = {}

Handler:
             Type = com.example.cloudvendor.controller.CloudVendorController
           Method = com.example.cloudvendor.controller.CloudVendorController#createVendor(CloudVendor)

Async:
    Async started = false
     Async result = null

Resolved Exception:
             Type = org.springframework.web.bind.MethodArgumentNotValidException

ModelAndView:
        View name = null
             View = null
            Model = null

FlashMap:
       Attributes = null

MockHttpServletResponse:
           Status = 400
    Error message = Invalid request content.
          Headers = [Vary:"Origin", "Access-Control-Request-Method", "Access-Control-Request-Headers"]
     Content type = null
             Body = 
    Forwarded URL = null
   Redirected URL = null
          Cookies = []
2025-11-29 10:14:06.706 [main] WARN  o.s.w.s.m.s.DefaultHandlerExceptionResolver - Resolved [org.springframework.web.bind.MethodArgumentNotValidException: Validation failed for argument [0] in public org.springframework.http.ResponseEntity<?> com.example.cloudvendor.controller.CloudVendorController.createVendor(com.example.cloudvendor.entity.CloudVendor): [Field error in object 'cloudVendor' on field 'vendorName': rejected value []; codes [NotBlank.cloudVendor.vendorName,NotBlank.vendorName,NotBlank.java.lang.String,NotBlank]; arguments [org.springframework.context.support.DefaultMessageSourceResolvable: codes [cloudVendor.vendorName,vendorName]; arguments []; default message [vendorName]]; default message [Vendor name cannot be blank]] ]

MockHttpServletRequest:
      HTTP Method = POST
      Request URI = /cloudvendor
       Parameters = {}
          Headers = [Content-Type:"application/json;charset=UTF-8", Content-Length:"101"]
             Body = {"vendorId":"V001","vendorName":"","vendorAddress":"Test Address","vendorPhoneNumber":"123-456-7890"}
    Session Attrs = {}

Handler:
             Type = com.example.cloudvendor.controller.CloudVendorController
           Method = com.example.cloudvendor.controller.CloudVendorController#createVendor(CloudVendor)

Async:
    Async started = false
     Async result = null

Resolved Exception:
             Type = org.springframework.web.bind.MethodArgumentNotValidException

ModelAndView:
        View name = null
             View = null
            Model = null

FlashMap:
       Attributes = null

MockHttpServletResponse:
           Status = 400
    Error message = Invalid request content.
          Headers = [Vary:"Origin", "Access-Control-Request-Method", "Access-Control-Request-Headers"]
     Content type = null
             Body = 
    Forwarded URL = null
   Redirected URL = null
          Cookies = []
2025-11-29 10:14:06.714 [main] WARN  o.s.w.s.m.s.DefaultHandlerExceptionResolver - Resolved [org.springframework.web.bind.MethodArgumentNotValidException: Validation failed for argument [0] in public org.springframework.http.ResponseEntity<?> com.example.cloudvendor.controller.CloudVendorController.createVendor(com.example.cloudvendor.entity.CloudVendor): [Field error in object 'cloudVendor' on field 'vendorAddress': rejected value []; codes [NotBlank.cloudVendor.vendorAddress,NotBlank.vendorAddress,NotBlank.java.lang.String,NotBlank]; arguments [org.springframework.context.support.DefaultMessageSourceResolvable: codes [cloudVendor.vendorAddress,vendorAddress]; arguments []; default message [vendorAddress]]; default message [Vendor address cannot be blank]] ]

MockHttpServletRequest:
      HTTP Method = POST
      Request URI = /cloudvendor
       Parameters = {}
          Headers = [Content-Type:"application/json;charset=UTF-8", Content-Length:"100"]
             Body = {"vendorId":"V001","vendorName":"Test Vendor","vendorAddress":"","vendorPhoneNumber":"123-456-7890"}
    Session Attrs = {}

Handler:
             Type = com.example.cloudvendor.controller.CloudVendorController
           Method = com.example.cloudvendor.controller.CloudVendorController#createVendor(CloudVendor)

Async:
    Async started = false
     Async result = null

Resolved Exception:
             Type = org.springframework.web.bind.MethodArgumentNotValidException

ModelAndView:
        View name = null
             View = null
            Model = null

FlashMap:
       Attributes = null

MockHttpServletResponse:
           Status = 400
    Error message = Invalid request content.
          Headers = [Vary:"Origin", "Access-Control-Request-Method", "Access-Control-Request-Headers"]
     Content type = null
             Body = 
    Forwarded URL = null
   Redirected URL = null
          Cookies = []
2025-11-29 10:14:06.723 [main] WARN  o.s.w.s.m.s.DefaultHandlerExceptionResolver - Resolved [org.springframework.web.bind.MethodArgumentNotValidException: Validation failed for argument [0] in public org.springframework.http.ResponseEntity<?> com.example.cloudvendor.controller.CloudVendorController.createVendor(com.example.cloudvendor.entity.CloudVendor): [Field error in object 'cloudVendor' on field 'vendorPhoneNumber': rejected value []; codes [NotBlank.cloudVendor.vendorPhoneNumber,NotBlank.vendorPhoneNumber,NotBlank.java.lang.String,NotBlank]; arguments [org.springframework.context.support.DefaultMessageSourceResolvable: codes [cloudVendor.vendorPhoneNumber,vendorPhoneNumber]; arguments []; default message [vendorPhoneNumber]]; default message [Vendor phone number cannot be blank]] ]

MockHttpServletRequest:
      HTTP Method = POST
      Request URI = /cloudvendor
       Parameters = {}
          Headers = [Content-Type:"application/json;charset=UTF-8", Content-Length:"100"]
             Body = {"vendorId":"V001","vendorName":"Test Vendor","vendorAddress":"Test Address","vendorPhoneNumber":""}
    Session Attrs = {}

Handler:
             Type = com.example.cloudvendor.controller.CloudVendorController
           Method = com.example.cloudvendor.controller.CloudVendorController#createVendor(CloudVendor)

Async:
    Async started = false
     Async result = null

Resolved Exception:
             Type = org.springframework.web.bind.MethodArgumentNotValidException

ModelAndView:
        View name = null
             View = null
            Model = null

FlashMap:
       Attributes = null

MockHttpServletResponse:
           Status = 400
    Error message = Invalid request content.
          Headers = [Vary:"Origin", "Access-Control-Request-Method", "Access-Control-Request-Headers"]
     Content type = null
             Body = 
    Forwarded URL = null
   Redirected URL = null
          Cookies = []
]]></system-out>
  </testcase>
  <testcase name="shouldHandleMissingContentType" classname="com.example.cloudvendor.integration.CloudVendorIntegrationTest" time="0.032">
    <system-out><![CDATA[2025-11-29 10:14:06.739 [main] DEBUG org.hibernate.SQL - 
    select
        cv1_0.vendor_id,
        cv1_0.vendor_address,
        cv1_0.vendor_name,
        cv1_0.vendor_phone_number 
    from
        cloud_vendor cv1_0
2025-11-29 10:14:06.751 [main] WARN  o.s.w.s.m.s.DefaultHandlerExceptionResolver - Resolved [org.springframework.web.HttpMediaTypeNotSupportedException: Content-Type 'application/octet-stream' is not supported]

MockHttpServletRequest:
      HTTP Method = POST
      Request URI = /cloudvendor
       Parameters = {}
          Headers = [Content-Length:"127"]
             Body = {"vendorId":"V001","vendorName":"Amazon Web Services","vendorAddress":"Seattle, WA, USA","vendorPhoneNumber":"+1-206-266-1000"}
    Session Attrs = {}

Handler:
             Type = com.example.cloudvendor.controller.CloudVendorController
           Method = com.example.cloudvendor.controller.CloudVendorController#createVendor(CloudVendor)

Async:
    Async started = false
     Async result = null

Resolved Exception:
             Type = org.springframework.web.HttpMediaTypeNotSupportedException

ModelAndView:
        View name = null
             View = null
            Model = null

FlashMap:
       Attributes = null

MockHttpServletResponse:
           Status = 415
    Error message = Content-Type 'application/octet-stream' is not supported.
          Headers = [Vary:"Origin", "Access-Control-Request-Method", "Access-Control-Request-Headers", Accept:"application/json, application/*+json"]
     Content type = null
             Body = 
    Forwarded URL = null
   Redirected URL = null
          Cookies = []
]]></system-out>
  </testcase>
  <testcase name="shouldHandleDuplicateVendorCreation" classname="com.example.cloudvendor.integration.CloudVendorIntegrationTest" time="0.043">
    <system-out><![CDATA[2025-11-29 10:14:06.772 [main] DEBUG org.hibernate.SQL - 
    select
        cv1_0.vendor_id,
        cv1_0.vendor_address,
        cv1_0.vendor_name,
        cv1_0.vendor_phone_number 
    from
        cloud_vendor cv1_0
2025-11-29 10:14:06.778 [main] INFO  c.e.c.c.CloudVendorController - POST /cloudvendor - Creating new cloud vendor with ID: V001
2025-11-29 10:14:06.778 [main] DEBUG c.e.c.s.impl.CloudVendorServiceImpl - Creating cloud vendor with ID: V001
2025-11-29 10:14:06.781 [main] DEBUG org.hibernate.SQL - 
    select
        count(*) 
    from
        cloud_vendor cv1_0 
    where
        cv1_0.vendor_id=?
2025-11-29 10:14:06.783 [main] DEBUG org.hibernate.SQL - 
    select
        cv1_0.vendor_id,
        cv1_0.vendor_address,
        cv1_0.vendor_name,
        cv1_0.vendor_phone_number 
    from
        cloud_vendor cv1_0 
    where
        cv1_0.vendor_id=?
2025-11-29 10:14:06.785 [main] INFO  c.e.c.s.impl.CloudVendorServiceImpl - Cloud vendor created successfully with ID: V001
2025-11-29 10:14:06.785 [main] INFO  c.e.c.c.CloudVendorController - Successfully created cloud vendor with ID: V001
2025-11-29 10:14:06.788 [main] INFO  c.e.c.c.CloudVendorController - POST /cloudvendor - Creating new cloud vendor with ID: V001
2025-11-29 10:14:06.790 [main] DEBUG c.e.c.s.impl.CloudVendorServiceImpl - Creating cloud vendor with ID: V001
2025-11-29 10:14:06.790 [main] DEBUG org.hibernate.SQL - 
    insert 
    into
        cloud_vendor
        (vendor_address, vendor_name, vendor_phone_number, vendor_id) 
    values
        (?, ?, ?, ?)
2025-11-29 10:14:06.792 [main] DEBUG org.hibernate.SQL - 
    select
        count(*) 
    from
        cloud_vendor cv1_0 
    where
        cv1_0.vendor_id=?
2025-11-29 10:14:06.792 [main] WARN  c.e.c.s.impl.CloudVendorServiceImpl - Cloud Vendor with ID V001 already exists
2025-11-29 10:14:06.792 [main] ERROR c.e.c.c.CloudVendorController - Error creating cloud vendor with ID: V001 - Cloud Vendor with ID V001 already exists

MockHttpServletRequest:
      HTTP Method = POST
      Request URI = /cloudvendor
       Parameters = {}
          Headers = [Content-Type:"application/json;charset=UTF-8", Content-Length:"127"]
             Body = {"vendorId":"V001","vendorName":"Amazon Web Services","vendorAddress":"Seattle, WA, USA","vendorPhoneNumber":"+1-206-266-1000"}
    Session Attrs = {}

Handler:
             Type = com.example.cloudvendor.controller.CloudVendorController
           Method = com.example.cloudvendor.controller.CloudVendorController#createVendor(CloudVendor)

Async:
    Async started = false
     Async result = null

Resolved Exception:
             Type = null

ModelAndView:
        View name = null
             View = null
            Model = null

FlashMap:
       Attributes = null

MockHttpServletResponse:
           Status = 400
    Error message = null
          Headers = [Vary:"Origin", "Access-Control-Request-Method", "Access-Control-Request-Headers", Content-Type:"text/plain;charset=UTF-8", Content-Length:"40"]
     Content type = text/plain;charset=UTF-8
             Body = Cloud Vendor with ID V001 already exists
    Forwarded URL = null
   Redirected URL = null
          Cookies = []
]]></system-out>
  </testcase>
  <testcase name="shouldHandleMultipleVendorsCorrectly" classname="com.example.cloudvendor.integration.CloudVendorIntegrationTest" time="0.093">
    <system-out><![CDATA[2025-11-29 10:14:06.825 [main] DEBUG org.hibernate.SQL - 
    select
        cv1_0.vendor_id,
        cv1_0.vendor_address,
        cv1_0.vendor_name,
        cv1_0.vendor_phone_number 
    from
        cloud_vendor cv1_0
2025-11-29 10:14:06.830 [main] INFO  c.e.c.c.CloudVendorController - POST /cloudvendor - Creating new cloud vendor with ID: V001
2025-11-29 10:14:06.830 [main] DEBUG c.e.c.s.impl.CloudVendorServiceImpl - Creating cloud vendor with ID: V001
2025-11-29 10:14:06.830 [main] DEBUG org.hibernate.SQL - 
    select
        count(*) 
    from
        cloud_vendor cv1_0 
    where
        cv1_0.vendor_id=?
2025-11-29 10:14:06.834 [main] DEBUG org.hibernate.SQL - 
    select
        cv1_0.vendor_id,
        cv1_0.vendor_address,
        cv1_0.vendor_name,
        cv1_0.vendor_phone_number 
    from
        cloud_vendor cv1_0 
    where
        cv1_0.vendor_id=?
2025-11-29 10:14:06.836 [main] INFO  c.e.c.s.impl.CloudVendorServiceImpl - Cloud vendor created successfully with ID: V001
2025-11-29 10:14:06.836 [main] INFO  c.e.c.c.CloudVendorController - Successfully created cloud vendor with ID: V001
2025-11-29 10:14:06.841 [main] INFO  c.e.c.c.CloudVendorController - POST /cloudvendor - Creating new cloud vendor with ID: V002
2025-11-29 10:14:06.841 [main] DEBUG c.e.c.s.impl.CloudVendorServiceImpl - Creating cloud vendor with ID: V002
2025-11-29 10:14:06.842 [main] DEBUG org.hibernate.SQL - 
    insert 
    into
        cloud_vendor
        (vendor_address, vendor_name, vendor_phone_number, vendor_id) 
    values
        (?, ?, ?, ?)
2025-11-29 10:14:06.844 [main] DEBUG org.hibernate.SQL - 
    select
        count(*) 
    from
        cloud_vendor cv1_0 
    where
        cv1_0.vendor_id=?
2025-11-29 10:14:06.844 [main] DEBUG org.hibernate.SQL - 
    select
        cv1_0.vendor_id,
        cv1_0.vendor_address,
        cv1_0.vendor_name,
        cv1_0.vendor_phone_number 
    from
        cloud_vendor cv1_0 
    where
        cv1_0.vendor_id=?
2025-11-29 10:14:06.848 [main] INFO  c.e.c.s.impl.CloudVendorServiceImpl - Cloud vendor created successfully with ID: V002
2025-11-29 10:14:06.848 [main] INFO  c.e.c.c.CloudVendorController - Successfully created cloud vendor with ID: V002
2025-11-29 10:14:06.850 [main] INFO  c.e.c.c.CloudVendorController - GET /cloudvendor - Retrieving all cloud vendors
2025-11-29 10:14:06.852 [main] DEBUG c.e.c.s.impl.CloudVendorServiceImpl - Retrieving all cloud vendors
2025-11-29 10:14:06.855 [main] DEBUG org.hibernate.SQL - 
    insert 
    into
        cloud_vendor
        (vendor_address, vendor_name, vendor_phone_number, vendor_id) 
    values
        (?, ?, ?, ?)
2025-11-29 10:14:06.855 [main] DEBUG org.hibernate.SQL - 
    select
        cv1_0.vendor_id,
        cv1_0.vendor_address,
        cv1_0.vendor_name,
        cv1_0.vendor_phone_number 
    from
        cloud_vendor cv1_0
2025-11-29 10:14:06.860 [main] INFO  c.e.c.s.impl.CloudVendorServiceImpl - Retrieved 2 cloud vendor(s) successfully
2025-11-29 10:14:06.860 [main] INFO  c.e.c.c.CloudVendorController - Successfully retrieved 2 cloud vendor(s)

MockHttpServletRequest:
      HTTP Method = GET
      Request URI = /cloudvendor
       Parameters = {}
          Headers = []
             Body = null
    Session Attrs = {}

Handler:
             Type = com.example.cloudvendor.controller.CloudVendorController
           Method = com.example.cloudvendor.controller.CloudVendorController#getAllVendors()

Async:
    Async started = false
     Async result = null

Resolved Exception:
             Type = null

ModelAndView:
        View name = null
             View = null
            Model = null

FlashMap:
       Attributes = null

MockHttpServletResponse:
           Status = 200
    Error message = null
          Headers = [Vary:"Origin", "Access-Control-Request-Method", "Access-Control-Request-Headers", Content-Type:"application/json"]
     Content type = application/json
             Body = [{"vendorId":"V001","vendorName":"Amazon Web Services","vendorAddress":"Seattle, WA, USA","vendorPhoneNumber":"+1-206-266-1000"},{"vendorId":"V002","vendorName":"Microsoft Azure","vendorAddress":"Redmond, WA, USA","vendorPhoneNumber":"+1-425-882-8080"}]
    Forwarded URL = null
   Redirected URL = null
          Cookies = []
2025-11-29 10:14:06.875 [main] INFO  c.e.c.c.CloudVendorController - DELETE /cloudvendor/V001 - Deleting cloud vendor by ID
2025-11-29 10:14:06.878 [main] DEBUG c.e.c.s.impl.CloudVendorServiceImpl - Deleting cloud vendor with ID: V001
2025-11-29 10:14:06.882 [main] DEBUG org.hibernate.SQL - 
    select
        count(*) 
    from
        cloud_vendor cv1_0 
    where
        cv1_0.vendor_id=?
2025-11-29 10:14:06.886 [main] INFO  c.e.c.s.impl.CloudVendorServiceImpl - Cloud vendor deleted successfully with ID: V001
2025-11-29 10:14:06.886 [main] INFO  c.e.c.c.CloudVendorController - Successfully deleted cloud vendor with ID: V001
2025-11-29 10:14:06.888 [main] INFO  c.e.c.c.CloudVendorController - GET /cloudvendor - Retrieving all cloud vendors
2025-11-29 10:14:06.888 [main] DEBUG c.e.c.s.impl.CloudVendorServiceImpl - Retrieving all cloud vendors
2025-11-29 10:14:06.891 [main] DEBUG org.hibernate.SQL - 
    delete 
    from
        cloud_vendor 
    where
        vendor_id=?
2025-11-29 10:14:06.891 [main] DEBUG org.hibernate.SQL - 
    select
        cv1_0.vendor_id,
        cv1_0.vendor_address,
        cv1_0.vendor_name,
        cv1_0.vendor_phone_number 
    from
        cloud_vendor cv1_0
2025-11-29 10:14:06.893 [main] INFO  c.e.c.s.impl.CloudVendorServiceImpl - Retrieved 1 cloud vendor(s) successfully
2025-11-29 10:14:06.893 [main] INFO  c.e.c.c.CloudVendorController - Successfully retrieved 1 cloud vendor(s)

MockHttpServletRequest:
      HTTP Method = GET
      Request URI = /cloudvendor
       Parameters = {}
          Headers = []
             Body = null
    Session Attrs = {}

Handler:
             Type = com.example.cloudvendor.controller.CloudVendorController
           Method = com.example.cloudvendor.controller.CloudVendorController#getAllVendors()

Async:
    Async started = false
     Async result = null

Resolved Exception:
             Type = null

ModelAndView:
        View name = null
             View = null
            Model = null

FlashMap:
       Attributes = null

MockHttpServletResponse:
           Status = 200
    Error message = null
          Headers = [Vary:"Origin", "Access-Control-Request-Method", "Access-Control-Request-Headers", Content-Type:"application/json"]
     Content type = application/json
             Body = [{"vendorId":"V002","vendorName":"Microsoft Azure","vendorAddress":"Redmond, WA, USA","vendorPhoneNumber":"+1-425-882-8080"}]
    Forwarded URL = null
   Redirected URL = null
          Cookies = []
]]></system-out>
  </testcase>
  <testcase name="shouldHandleMalformedJsonRequests" classname="com.example.cloudvendor.integration.CloudVendorIntegrationTest" time="0.03">
    <system-out><![CDATA[2025-11-29 10:14:06.912 [main] DEBUG org.hibernate.SQL - 
    select
        cv1_0.vendor_id,
        cv1_0.vendor_address,
        cv1_0.vendor_name,
        cv1_0.vendor_phone_number 
    from
        cloud_vendor cv1_0
2025-11-29 10:14:06.916 [main] WARN  o.s.w.s.m.s.DefaultHandlerExceptionResolver - Resolved [org.springframework.http.converter.HttpMessageNotReadableException: JSON parse error: Unexpected character ('}' (code 125)): expected a value]

MockHttpServletRequest:
      HTTP Method = POST
      Request URI = /cloudvendor
       Parameters = {}
          Headers = [Content-Type:"application/json;charset=UTF-8", Content-Length:"33"]
             Body = {"vendorId":"V001","vendorName":}
    Session Attrs = {}

Handler:
             Type = com.example.cloudvendor.controller.CloudVendorController
           Method = com.example.cloudvendor.controller.CloudVendorController#createVendor(CloudVendor)

Async:
    Async started = false
     Async result = null

Resolved Exception:
             Type = org.springframework.http.converter.HttpMessageNotReadableException

ModelAndView:
        View name = null
             View = null
            Model = null

FlashMap:
       Attributes = null

MockHttpServletResponse:
           Status = 400
    Error message = null
          Headers = [Vary:"Origin", "Access-Control-Request-Method", "Access-Control-Request-Headers"]
     Content type = null
             Body = 
    Forwarded URL = null
   Redirected URL = null
          Cookies = []
]]></system-out>
  </testcase>
</testsuite>